<?xml version="1.0" encoding="UTF-8"?>
<testng-results skipped="0" failed="0" ignored="0" total="1" passed="1">
  <reporter-output>
  </reporter-output>
  <suite name="Selenium Architecture" duration-ms="123707" started-at="2020-09-28T19:42:11 IST" finished-at="2020-09-28T19:44:15 IST">
    <groups>
    </groups>
    <test name="Login" duration-ms="123707" started-at="2020-09-28T19:42:11 IST" finished-at="2020-09-28T19:44:15 IST">
      <class name="com.testCases.TC_LoginTest_001">
        <test-method status="PASS" signature="setUp(java.lang.String)[pri:0, instance:com.testCases.TC_LoginTest_001@12468a38]" name="setUp" is-config="true" duration-ms="65423" started-at="2020-09-28T19:42:12 IST" finished-at="2020-09-28T19:43:17 IST">
          <params>
            <param index="0">
              <value>
                <![CDATA[chrome]]>
              </value>
            </param>
          </params>
          <reporter-output>
          </reporter-output>
        </test-method> <!-- setUp -->
        <test-method status="PASS" signature="loginTest()[pri:0, instance:com.testCases.TC_LoginTest_001@12468a38]" name="loginTest" duration-ms="55928" started-at="2020-09-28T19:43:17 IST" finished-at="2020-09-28T19:44:13 IST">
          <reporter-output>
          </reporter-output>
        </test-method> <!-- loginTest -->
        <test-method status="PASS" signature="tearDown()[pri:0, instance:com.testCases.TC_LoginTest_001@12468a38]" name="tearDown" is-config="true" duration-ms="1783" started-at="2020-09-28T19:44:13 IST" finished-at="2020-09-28T19:44:15 IST">
          <reporter-output>
          </reporter-output>
        </test-method> <!-- tearDown -->
      </class> <!-- com.testCases.TC_LoginTest_001 -->
    </test> <!-- Login -->
  </suite> <!-- Selenium Architecture -->
</testng-results>
